<?xml version="1.0" encoding="utf-8"?>
<CoverageSession>
  <Summary numSequencePoints="23" visitedSequencePoints="23" numBranchPoints="12" visitedBranchPoints="12" sequenceCoverage="100" branchCoverage="100" maxCyclomaticComplexity="12" minCyclomaticComplexity="12" visitedClasses="1" numClasses="1" visitedMethods="1" numMethods="1" />
  <Modules>
    <Module hash="2E02F44B-933B-4336-8AF9-6FCAA0BB7575">
      <ModulePath>WebShop.dll</ModulePath>
      <ModuleTime>2023-06-15T01:10:10</ModuleTime>
      <ModuleName>WebShop</ModuleName>
      <Files>
        <File uid="1" fullPath="C:\dev\deeltijd\testpositive-webshop\WebShop\CostsCalculator.cs" />
      </Files>
      <Classes>
        <Class>
          <Summary numSequencePoints="23" visitedSequencePoints="23" numBranchPoints="12" visitedBranchPoints="12" sequenceCoverage="100" branchCoverage="100" maxCyclomaticComplexity="12" minCyclomaticComplexity="12" visitedClasses="1" numClasses="1" visitedMethods="1" numMethods="1" />
          <FullName>CostsCalculator</FullName>
          <Methods>
            <Method cyclomaticComplexity="12" nPathComplexity="12" sequenceCoverage="100" branchCoverage="100" isConstructor="False" isGetter="False" isSetter="False" isStatic="True">
              <Summary numSequencePoints="23" visitedSequencePoints="23" numBranchPoints="12" visitedBranchPoints="12" sequenceCoverage="100" branchCoverage="100" maxCyclomaticComplexity="12" minCyclomaticComplexity="12" visitedClasses="0" numClasses="0" visitedMethods="1" numMethods="1" />
              <MetadataToken />
              <Name>System.Double CostsCalculator::ShippingCosts(System.Boolean,System.String,System.Double)</Name>
              <FileRef uid="1" />
              <SequencePoints>
                <SequencePoint vc="11" uspid="2" ordinal="0" sl="2" sc="1" el="2" ec="2" bec="0" bev="0" fileid="1" />
                <SequencePoint vc="11" uspid="3" ordinal="1" sl="3" sc="1" el="3" ec="2" bec="0" bev="0" fileid="1" />
                <SequencePoint vc="21" uspid="4" ordinal="2" sl="4" sc="1" el="4" ec="2" bec="2" bev="2" fileid="1" />
                <SequencePoint vc="15" uspid="5" ordinal="3" sl="5" sc="1" el="5" ec="2" bec="2" bev="2" fileid="1" />
                <SequencePoint vc="5" uspid="6" ordinal="4" sl="6" sc="1" el="6" ec="2" bec="0" bev="0" fileid="1" />
                <SequencePoint vc="10" uspid="7" ordinal="5" sl="7" sc="1" el="7" ec="2" bec="0" bev="0" fileid="1" />
                <SequencePoint vc="5" uspid="8" ordinal="6" sl="8" sc="1" el="8" ec="2" bec="8" bev="8" fileid="1" />
                <SequencePoint vc="1" uspid="10" ordinal="7" sl="10" sc="1" el="10" ec="2" bec="0" bev="0" fileid="1" />
                <SequencePoint vc="1" uspid="11" ordinal="8" sl="11" sc="1" el="11" ec="2" bec="0" bev="0" fileid="1" />
                <SequencePoint vc="1" uspid="13" ordinal="9" sl="13" sc="1" el="13" ec="2" bec="0" bev="0" fileid="1" />
                <SequencePoint vc="1" uspid="14" ordinal="10" sl="14" sc="1" el="14" ec="2" bec="0" bev="0" fileid="1" />
                <SequencePoint vc="1" uspid="16" ordinal="11" sl="16" sc="1" el="16" ec="2" bec="0" bev="0" fileid="1" />
                <SequencePoint vc="1" uspid="17" ordinal="12" sl="17" sc="1" el="17" ec="2" bec="0" bev="0" fileid="1" />
                <SequencePoint vc="1" uspid="19" ordinal="13" sl="19" sc="1" el="19" ec="2" bec="0" bev="0" fileid="1" />
                <SequencePoint vc="1" uspid="20" ordinal="14" sl="20" sc="1" el="20" ec="2" bec="0" bev="0" fileid="1" />
                <SequencePoint vc="1" uspid="22" ordinal="15" sl="22" sc="1" el="22" ec="2" bec="0" bev="0" fileid="1" />
                <SequencePoint vc="1" uspid="23" ordinal="16" sl="23" sc="1" el="23" ec="2" bec="0" bev="0" fileid="1" />
                <SequencePoint vc="5" uspid="25" ordinal="17" sl="25" sc="1" el="25" ec="2" bec="0" bev="0" fileid="1" />
                <SequencePoint vc="11" uspid="26" ordinal="18" sl="26" sc="1" el="26" ec="2" bec="0" bev="0" fileid="1" />
                <SequencePoint vc="1" uspid="27" ordinal="19" sl="27" sc="1" el="27" ec="2" bec="0" bev="0" fileid="1" />
                <SequencePoint vc="1" uspid="28" ordinal="20" sl="28" sc="1" el="28" ec="2" bec="0" bev="0" fileid="1" />
                <SequencePoint vc="11" uspid="29" ordinal="21" sl="29" sc="1" el="29" ec="2" bec="0" bev="0" fileid="1" />
                <SequencePoint vc="11" uspid="30" ordinal="22" sl="30" sc="1" el="30" ec="2" bec="0" bev="0" fileid="1" />
              </SequencePoints>
              <BranchPoints>
                <BranchPoint vc="10" uspid="4" ordinal="0" path="0" offset="14" offsetend="19" sl="4" fileid="1" />
                <BranchPoint vc="5" uspid="5" ordinal="2" path="0" offset="34" offsetend="36" sl="5" fileid="1" />
                <BranchPoint vc="5" uspid="5" ordinal="3" path="1" offset="34" offsetend="50" sl="5" fileid="1" />
                <BranchPoint vc="4" uspid="8" ordinal="4" path="0" offset="68" offsetend="70" sl="8" fileid="1" />
                <BranchPoint vc="3" uspid="8" ordinal="6" path="0" offset="81" offsetend="83" sl="8" fileid="1" />
                <BranchPoint vc="2" uspid="8" ordinal="8" path="0" offset="94" offsetend="96" sl="8" fileid="1" />
                <BranchPoint vc="1" uspid="8" ordinal="5" path="1" offset="68" offsetend="111" sl="8" fileid="1" />
                <BranchPoint vc="1" uspid="8" ordinal="7" path="1" offset="81" offsetend="123" sl="8" fileid="1" />
                <BranchPoint vc="1" uspid="8" ordinal="9" path="1" offset="94" offsetend="135" sl="8" fileid="1" />
                <BranchPoint vc="1" uspid="8" ordinal="11" path="1" offset="107" offsetend="147" sl="8" fileid="1" />
                <BranchPoint vc="1" uspid="8" ordinal="10" path="0" offset="107" offsetend="159" sl="8" fileid="1" />
                <BranchPoint vc="1" uspid="4" ordinal="1" path="1" offset="14" offsetend="175" sl="4" fileid="1" />
              </BranchPoints>
              <MethodPoint vc="23" uspid="0" p8:type="SequencePoint" ordinal="0" offset="0" sc="0" sl="2" ec="1" el="30" bec="0" bev="0" fileid="1" xmlns:p8="xsi" />
            </Method>
          </Methods>
        </Class>
      </Classes>
    </Module>
  </Modules>
</CoverageSession>